
  .   ____          _            __ _ _
 /\\ / ___'_ __ _ _(_)_ __  __ _ \ \ \ \
( ( )\___ | '_ | '_| | '_ \/ _` | \ \ \ \
 \\/  ___)| |_)| | | | | || (_| |  ) ) ) )
  '  |____| .__|_| |_|_| |_\__, | / / / /
 =========|_|==============|___/=/_/_/_/

 :: Spring Boot ::                (v3.3.4)

2025-10-22T02:08:31.459Z  INFO 3932 --- [bravus-bank] [           main] com.bravus.bank.BravusBankApplication    : Starting BravusBankApplication v0.0.1-SNAPSHOT using Java 21.0.8 with PID 3932 (/workspace/bravus-bank/target/bravus-bank-0.0.1-SNAPSHOT.jar started by ubuntu in /workspace/bravus-bank)
2025-10-22T02:08:31.468Z  INFO 3932 --- [bravus-bank] [           main] com.bravus.bank.BravusBankApplication    : No active profile set, falling back to 1 default profile: "default"
2025-10-22T02:08:36.510Z  INFO 3932 --- [bravus-bank] [           main] o.s.b.w.embedded.tomcat.TomcatWebServer  : Tomcat initialized with port 9000 (http)
2025-10-22T02:08:36.542Z  INFO 3932 --- [bravus-bank] [           main] o.apache.catalina.core.StandardService   : Starting service [Tomcat]
2025-10-22T02:08:36.542Z  INFO 3932 --- [bravus-bank] [           main] o.apache.catalina.core.StandardEngine    : Starting Servlet engine: [Apache Tomcat/10.1.30]
2025-10-22T02:08:36.611Z  INFO 3932 --- [bravus-bank] [           main] o.a.c.c.C.[Tomcat].[localhost].[/]       : Initializing Spring embedded WebApplicationContext
2025-10-22T02:08:36.616Z  INFO 3932 --- [bravus-bank] [           main] w.s.c.ServletWebServerApplicationContext : Root WebApplicationContext: initialization completed in 5006 ms
2025-10-22T02:08:37.150Z ERROR 3932 --- [bravus-bank] [           main] o.s.b.web.embedded.tomcat.TomcatStarter  : Error starting Tomcat context. Exception: org.springframework.beans.factory.UnsatisfiedDependencyException. Message: Error creating bean with name 'jwtAuthenticationFilter' defined in URL [jar:nested:/workspace/bravus-bank/target/bravus-bank-0.0.1-SNAPSHOT.jar/!BOOT-INF/classes/!/com/bravus/bank/security/JwtAuthenticationFilter.class]: Unsatisfied dependency expressed through constructor parameter 1: Error creating bean with name 'customUserDetailsService' defined in URL [jar:nested:/workspace/bravus-bank/target/bravus-bank-0.0.1-SNAPSHOT.jar/!BOOT-INF/classes/!/com/bravus/bank/security/CustomUserDetailsService.class]: Unsatisfied dependency expressed through constructor parameter 0: No qualifying bean of type 'com.bravus.bank.db.repo.UserRepository' available: expected at least 1 bean which qualifies as autowire candidate. Dependency annotations: {}
2025-10-22T02:08:37.229Z  INFO 3932 --- [bravus-bank] [           main] o.apache.catalina.core.StandardService   : Stopping service [Tomcat]
2025-10-22T02:08:37.264Z  WARN 3932 --- [bravus-bank] [           main] ConfigServletWebServerApplicationContext : Exception encountered during context initialization - cancelling refresh attempt: org.springframework.context.ApplicationContextException: Unable to start web server
2025-10-22T02:08:37.325Z  INFO 3932 --- [bravus-bank] [           main] .s.b.a.l.ConditionEvaluationReportLogger : 

Error starting ApplicationContext. To display the condition evaluation report re-run your application with 'debug' enabled.
2025-10-22T02:08:37.403Z ERROR 3932 --- [bravus-bank] [           main] o.s.b.d.LoggingFailureAnalysisReporter   : 

***************************
APPLICATION FAILED TO START
***************************

Description:

Parameter 0 of constructor in com.bravus.bank.security.CustomUserDetailsService required a bean of type 'com.bravus.bank.db.repo.UserRepository' that could not be found.


Action:

Consider defining a bean of type 'com.bravus.bank.db.repo.UserRepository' in your configuration.

